# JRE version: Java(TM) SE Runtime Environment (8.0_45-b15) (build 1.8.0_45-b15)
# Java VM: Java HotSpot(TM) 64-Bit Server VM (25.45-b02 mixed mode windows-amd64 compressed oops)
Heap:
 PSYoungGen      total 282624K, used 159048K [0x00000000eab00000, 0x0000000100000000, 0x0000000100000000)
  eden space 218112K, 55% used [0x00000000eab00000,0x00000000f21ecec8,0x00000000f8000000)
  from space 64512K, 57% used [0x00000000fc100000,0x00000000fe5651b8,0x0000000100000000)
  to   space 65536K, 0% used [0x00000000f8000000,0x00000000f8000000,0x00000000fc000000)
 ParOldGen       total 359936K, used 233954K [0x00000000c0000000, 0x00000000d5f80000, 0x00000000eab00000)
  object space 359936K, 64% used [0x00000000c0000000,0x00000000ce478920,0x00000000d5f80000)
 Metaspace       used 162676K, capacity 177332K, committed 178176K, reserved 1198080K
  class space    used 23779K, capacity 29190K, committed 29440K, reserved 1048576K
GC Heap History (10 events):
Event: 874.060 GC heap before
{Heap before GC invocations=41 (full 9):
 PSYoungGen      total 297472K, used 287339K [0x00000000eab00000, 0x0000000100000000, 0x0000000100000000)
  eden space 252928K, 96% used [0x00000000eab00000,0x00000000f9838c48,0x00000000fa200000)
  from space 44544K, 99% used [0x00000000fa200000,0x00000000fcd62210,0x00000000fcd80000)
  to   space 51712K, 0% used [0x00000000fcd80000,0x00000000fcd80000,0x0000000100000000)
 ParOldGen       total 240640K, used 181688K [0x00000000c0000000, 0x00000000ceb00000, 0x00000000eab00000)
  object space 240640K, 75% used [0x00000000c0000000,0x00000000cb16e2b8,0x00000000ceb00000)
 Metaspace       used 141332K, capacity 155376K, committed 155520K, reserved 1179648K
  class space    used 20988K, capacity 26134K, committed 26240K, reserved 1048576K
Event: 874.143 GC heap after
Heap after GC invocations=41 (full 9):
 PSYoungGen      total 267776K, used 51701K [0x00000000eab00000, 0x0000000100000000, 0x0000000100000000)
  eden space 216064K, 0% used [0x00000000eab00000,0x00000000eab00000,0x00000000f7e00000)
  from space 51712K, 99% used [0x00000000fcd80000,0x00000000ffffd580,0x0000000100000000)
  to   space 66560K, 0% used [0x00000000f7e00000,0x00000000f7e00000,0x00000000fbf00000)
 ParOldGen       total 240640K, used 192767K [0x00000000c0000000, 0x00000000ceb00000, 0x00000000eab00000)
  object space 240640K, 80% used [0x00000000c0000000,0x00000000cbc3fe48,0x00000000ceb00000)
 Metaspace       used 141332K, capacity 155376K, committed 155520K, reserved 1179648K
  class space    used 20988K, capacity 26134K, committed 26240K, reserved 1048576K
}
Event: 874.143 GC heap before
{Heap before GC invocations=42 (full 10):
 PSYoungGen      total 267776K, used 51701K [0x00000000eab00000, 0x0000000100000000, 0x0000000100000000)
  eden space 216064K, 0% used [0x00000000eab00000,0x00000000eab00000,0x00000000f7e00000)
  from space 51712K, 99% used [0x00000000fcd80000,0x00000000ffffd580,0x0000000100000000)
  to   space 66560K, 0% used [0x00000000f7e00000,0x00000000f7e00000,0x00000000fbf00000)
 ParOldGen       total 240640K, used 192767K [0x00000000c0000000, 0x00000000ceb00000, 0x00000000eab00000)
  object space 240640K, 80% used [0x00000000c0000000,0x00000000cbc3fe48,0x00000000ceb00000)
 Metaspace       used 141332K, capacity 155376K, committed 155520K, reserved 1179648K
  class space    used 20988K, capacity 26134K, committed 26240K, reserved 1048576K
Event: 875.756 GC heap after
Heap after GC invocations=42 (full 10):
 PSYoungGen      total 267776K, used 0K [0x00000000eab00000, 0x0000000100000000, 0x0000000100000000)
  eden space 216064K, 0% used [0x00000000eab00000,0x00000000eab00000,0x00000000f7e00000)
  from space 51712K, 0% used [0x00000000fcd80000,0x00000000fcd80000,0x0000000100000000)
  to   space 66560K, 0% used [0x00000000f7e00000,0x00000000f7e00000,0x00000000fbf00000)
 ParOldGen       total 240640K, used 217422K [0x00000000c0000000, 0x00000000ceb00000, 0x00000000eab00000)
  object space 240640K, 90% used [0x00000000c0000000,0x00000000cd4539e0,0x00000000ceb00000)
 Metaspace       used 139556K, capacity 151962K, committed 155520K, reserved 1179648K
  class space    used 20428K, capacity 25001K, committed 26240K, reserved 1048576K
}
Event: 924.523 GC heap before
{Heap before GC invocations=43 (full 11):
 PSYoungGen      total 267776K, used 216064K [0x00000000eab00000, 0x0000000100000000, 0x0000000100000000)
  eden space 216064K, 100% used [0x00000000eab00000,0x00000000f7e00000,0x00000000f7e00000)
  from space 51712K, 0% used [0x00000000fcd80000,0x00000000fcd80000,0x0000000100000000)
  to   space 66560K, 0% used [0x00000000f7e00000,0x00000000f7e00000,0x00000000fbf00000)
 ParOldGen       total 240640K, used 217422K [0x00000000c0000000, 0x00000000ceb00000, 0x00000000eab00000)
  object space 240640K, 90% used [0x00000000c0000000,0x00000000cd4539e0,0x00000000ceb00000)
 Metaspace       used 146128K, capacity 159236K, committed 161280K, reserved 1183744K
  class space    used 21428K, capacity 26343K, committed 26880K, reserved 1048576K
Event: 925.185 GC heap after
Heap after GC invocations=43 (full 11):
 PSYoungGen      total 267776K, used 0K [0x00000000eab00000, 0x0000000100000000, 0x0000000100000000)
  eden space 216064K, 0% used [0x00000000eab00000,0x00000000eab00000,0x00000000f7e00000)
  from space 51712K, 0% used [0x00000000fcd80000,0x00000000fcd80000,0x0000000100000000)
  to   space 66560K, 0% used [0x00000000f7e00000,0x00000000f7e00000,0x00000000fbf00000)
 ParOldGen       total 359936K, used 233938K [0x00000000c0000000, 0x00000000d5f80000, 0x00000000eab00000)
  object space 359936K, 64% used [0x00000000c0000000,0x00000000ce474920,0x00000000d5f80000)
 Metaspace       used 146128K, capacity 159236K, committed 161280K, reserved 1183744K
  class space    used 21428K, capacity 26343K, committed 26880K, reserved 1048576K
}
Event: 1533.006 GC heap before
{Heap before GC invocations=44 (full 11):
 PSYoungGen      total 267776K, used 216064K [0x00000000eab00000, 0x0000000100000000, 0x0000000100000000)
  eden space 216064K, 100% used [0x00000000eab00000,0x00000000f7e00000,0x00000000f7e00000)
  from space 51712K, 0% used [0x00000000fcd80000,0x00000000fcd80000,0x0000000100000000)
  to   space 66560K, 0% used [0x00000000f7e00000,0x00000000f7e00000,0x00000000fbf00000)
 ParOldGen       total 359936K, used 233938K [0x00000000c0000000, 0x00000000d5f80000, 0x00000000eab00000)
  object space 359936K, 64% used [0x00000000c0000000,0x00000000ce474920,0x00000000d5f80000)
 Metaspace       used 148915K, capacity 162632K, committed 164096K, reserved 1185792K
  class space    used 21898K, capacity 26994K, committed 27392K, reserved 1048576K
Event: 1533.023 GC heap after
Heap after GC invocations=44 (full 11):
 PSYoungGen      total 282624K, used 12532K [0x00000000eab00000, 0x0000000100000000, 0x0000000100000000)
  eden space 216064K, 0% used [0x00000000eab00000,0x00000000eab00000,0x00000000f7e00000)
  from space 66560K, 18% used [0x00000000f7e00000,0x00000000f8a3d088,0x00000000fbf00000)
  to   space 64512K, 0% used [0x00000000fc100000,0x00000000fc100000,0x0000000100000000)
 ParOldGen       total 359936K, used 233946K [0x00000000c0000000, 0x00000000d5f80000, 0x00000000eab00000)
  object space 359936K, 64% used [0x00000000c0000000,0x00000000ce476920,0x00000000d5f80000)
 Metaspace       used 148915K, capacity 162632K, committed 164096K, reserved 1185792K
  class space    used 21898K, capacity 26994K, committed 27392K, reserved 1048576K
}
Event: 1536.072 GC heap before
{Heap before GC invocations=45 (full 11):
 PSYoungGen      total 282624K, used 228596K [0x00000000eab00000, 0x0000000100000000, 0x0000000100000000)
  eden space 216064K, 100% used [0x00000000eab00000,0x00000000f7e00000,0x00000000f7e00000)
  from space 66560K, 18% used [0x00000000f7e00000,0x00000000f8a3d088,0x00000000fbf00000)
  to   space 64512K, 0% used [0x00000000fc100000,0x00000000fc100000,0x0000000100000000)
 ParOldGen       total 359936K, used 233946K [0x00000000c0000000, 0x00000000d5f80000, 0x00000000eab00000)
  object space 359936K, 64% used [0x00000000c0000000,0x00000000ce476920,0x00000000d5f80000)
 Metaspace       used 156393K, capacity 170770K, committed 171648K, reserved 1191936K
  class space    used 23048K, capacity 28389K, committed 28544K, reserved 1048576K
Event: 1536.110 GC heap after
Heap after GC invocations=45 (full 11):
 PSYoungGen      total 282624K, used 37268K [0x00000000eab00000, 0x0000000100000000, 0x0000000100000000)
  eden space 218112K, 0% used [0x00000000eab00000,0x00000000eab00000,0x00000000f8000000)
  from space 64512K, 57% used [0x00000000fc100000,0x00000000fe5651b8,0x0000000100000000)
  to   space 65536K, 0% used [0x00000000f8000000,0x00000000f8000000,0x00000000fc000000)
 ParOldGen       total 359936K, used 233954K [0x00000000c0000000, 0x00000000d5f80000, 0x00000000eab00000)
  object space 359936K, 64% used [0x00000000c0000000,0x00000000ce478920,0x00000000d5f80000)
 Metaspace       used 156393K, capacity 170770K, committed 171648K, reserved 1191936K
  class space    used 23048K, capacity 28389K, committed 28544K, reserved 1048576K
}

